<?xml version="1.0" encoding="UTF-8"?>
<!-- Generated by org.testng.reporters.JUnitReportReporter -->
<testsuite skipped="0" hostname="Madans-MacBook-Pro.local" name="testrunner.Testrunner" tests="1" failures="0" timestamp="14 Sep 2021 15:28:54 GMT" time="8.882" errors="0">
  <testcase name="feature" time="8.882" classname="testrunner.Testrunner"/>
</testsuite> <!-- testrunner.Testrunner -->
